app/build/intermediates/manifest_merge_blame_file/debug/manifest-merger-blame-debug-report.txt
1<?xml version="1.0" encoding="utf-8"?>
2<manifest xmlns:android="http://schemas.android.com/apk/res/android"
3    package="com.timely.app"
4    android:versionCode="1"
5    android:versionName="1.0" >
6
7    <uses-sdk
8        android:minSdkVersion="26"
9        android:targetSdkVersion="34" />
10
11    <!-- Required for foreground service -->
12    <uses-permission android:name="android.permission.FOREGROUND_SERVICE" />
12-->src\main\AndroidManifest.xml:5:5-77
12-->src\main\AndroidManifest.xml:5:22-74
13    <!-- Android 14: declare foreground service type -->
14    <uses-permission android:name="android.permission.FOREGROUND_SERVICE_MEDIA_PLAYBACK" />
14-->src\main\AndroidManifest.xml:7:5-92
14-->src\main\AndroidManifest.xml:7:22-89
15    <!-- Restart after reboot -->
16    <uses-permission android:name="android.permission.RECEIVE_BOOT_COMPLETED" />
16-->src\main\AndroidManifest.xml:9:5-81
16-->src\main\AndroidManifest.xml:9:22-78
17    <!-- Android 13+: show notifications -->
18    <uses-permission android:name="android.permission.POST_NOTIFICATIONS" />
18-->src\main\AndroidManifest.xml:11:5-77
18-->src\main\AndroidManifest.xml:11:22-74
19    <!-- Keep CPU alive while announcing -->
20    <uses-permission android:name="android.permission.WAKE_LOCK" />
20-->src\main\AndroidManifest.xml:13:5-68
20-->src\main\AndroidManifest.xml:13:22-65
21
22    <permission
22-->[androidx.core:core:1.12.0] AndroidManifest.xml:22:5-24:47
23        android:name="com.timely.app.DYNAMIC_RECEIVER_NOT_EXPORTED_PERMISSION"
23-->[androidx.core:core:1.12.0] AndroidManifest.xml:23:9-81
24        android:protectionLevel="signature" />
24-->[androidx.core:core:1.12.0] AndroidManifest.xml:24:9-44
25
26    <uses-permission android:name="com.timely.app.DYNAMIC_RECEIVER_NOT_EXPORTED_PERMISSION" />
26-->[androidx.core:core:1.12.0] AndroidManifest.xml:26:5-97
26-->[androidx.core:core:1.12.0] AndroidManifest.xml:26:22-94
27
28    <application
28-->src\main\AndroidManifest.xml:15:5-47:19
29        android:allowBackup="true"
29-->src\main\AndroidManifest.xml:16:9-35
30        android:appComponentFactory="androidx.core.app.CoreComponentFactory"
30-->[androidx.core:core:1.12.0] AndroidManifest.xml:28:18-86
31        android:debuggable="true"
32        android:extractNativeLibs="false"
33        android:icon="@drawable/ic_launcher"
33-->src\main\AndroidManifest.xml:17:9-45
34        android:label="@string/app_name"
34-->src\main\AndroidManifest.xml:19:9-41
35        android:roundIcon="@drawable/ic_launcher"
35-->src\main\AndroidManifest.xml:18:9-50
36        android:supportsRtl="true"
36-->src\main\AndroidManifest.xml:20:9-35
37        android:testOnly="true"
38        android:theme="@style/Theme.Timely" >
38-->src\main\AndroidManifest.xml:21:9-44
39        <activity
39-->src\main\AndroidManifest.xml:23:9-31:20
40            android:name="com.timely.app.MainActivity"
40-->src\main\AndroidManifest.xml:24:13-41
41            android:exported="true"
41-->src\main\AndroidManifest.xml:25:13-36
42            android:windowSoftInputMode="adjustResize" >
42-->src\main\AndroidManifest.xml:26:13-55
43            <intent-filter>
43-->src\main\AndroidManifest.xml:27:13-30:29
44                <action android:name="android.intent.action.MAIN" />
44-->src\main\AndroidManifest.xml:28:17-69
44-->src\main\AndroidManifest.xml:28:25-66
45
46                <category android:name="android.intent.category.LAUNCHER" />
46-->src\main\AndroidManifest.xml:29:17-77
46-->src\main\AndroidManifest.xml:29:27-74
47            </intent-filter>
48        </activity>
49
50        <service
50-->src\main\AndroidManifest.xml:33:9-36:40
51            android:name="com.timely.app.TimerService"
51-->src\main\AndroidManifest.xml:34:13-41
52            android:exported="false"
52-->src\main\AndroidManifest.xml:36:13-37
53            android:foregroundServiceType="mediaPlayback" />
53-->src\main\AndroidManifest.xml:35:13-58
54
55        <receiver
55-->src\main\AndroidManifest.xml:38:9-45:20
56            android:name="com.timely.app.BootReceiver"
56-->src\main\AndroidManifest.xml:39:13-41
57            android:exported="true" >
57-->src\main\AndroidManifest.xml:40:13-36
58            <intent-filter>
58-->src\main\AndroidManifest.xml:41:13-44:29
59                <action android:name="android.intent.action.BOOT_COMPLETED" />
59-->src\main\AndroidManifest.xml:42:17-79
59-->src\main\AndroidManifest.xml:42:25-76
60                <action android:name="android.intent.action.QUICKBOOT_POWERON" />
60-->src\main\AndroidManifest.xml:43:17-82
60-->src\main\AndroidManifest.xml:43:25-79
61            </intent-filter>
62        </receiver>
63
64        <provider
64-->[androidx.emoji2:emoji2:1.2.0] AndroidManifest.xml:24:9-32:20
65            android:name="androidx.startup.InitializationProvider"
65-->[androidx.emoji2:emoji2:1.2.0] AndroidManifest.xml:25:13-67
66            android:authorities="com.timely.app.androidx-startup"
66-->[androidx.emoji2:emoji2:1.2.0] AndroidManifest.xml:26:13-68
67            android:exported="false" >
67-->[androidx.emoji2:emoji2:1.2.0] AndroidManifest.xml:27:13-37
68            <meta-data
68-->[androidx.emoji2:emoji2:1.2.0] AndroidManifest.xml:29:13-31:52
69                android:name="androidx.emoji2.text.EmojiCompatInitializer"
69-->[androidx.emoji2:emoji2:1.2.0] AndroidManifest.xml:30:17-75
70                android:value="androidx.startup" />
70-->[androidx.emoji2:emoji2:1.2.0] AndroidManifest.xml:31:17-49
71            <meta-data
71-->[androidx.lifecycle:lifecycle-process:2.6.1] AndroidManifest.xml:29:13-31:52
72                android:name="androidx.lifecycle.ProcessLifecycleInitializer"
72-->[androidx.lifecycle:lifecycle-process:2.6.1] AndroidManifest.xml:30:17-78
73                android:value="androidx.startup" />
73-->[androidx.lifecycle:lifecycle-process:2.6.1] AndroidManifest.xml:31:17-49
74            <meta-data
74-->[androidx.profileinstaller:profileinstaller:1.3.0] AndroidManifest.xml:29:13-31:52
75                android:name="androidx.profileinstaller.ProfileInstallerInitializer"
75-->[androidx.profileinstaller:profileinstaller:1.3.0] AndroidManifest.xml:30:17-85
76                android:value="androidx.startup" />
76-->[androidx.profileinstaller:profileinstaller:1.3.0] AndroidManifest.xml:31:17-49
77        </provider>
78
79        <receiver
79-->[androidx.profileinstaller:profileinstaller:1.3.0] AndroidManifest.xml:34:9-52:20
80            android:name="androidx.profileinstaller.ProfileInstallReceiver"
80-->[androidx.profileinstaller:profileinstaller:1.3.0] AndroidManifest.xml:35:13-76
81            android:directBootAware="false"
81-->[androidx.profileinstaller:profileinstaller:1.3.0] AndroidManifest.xml:36:13-44
82            android:enabled="true"
82-->[androidx.profileinstaller:profileinstaller:1.3.0] AndroidManifest.xml:37:13-35
83            android:exported="true"
83-->[androidx.profileinstaller:profileinstaller:1.3.0] AndroidManifest.xml:38:13-36
84            android:permission="android.permission.DUMP" >
84-->[androidx.profileinstaller:profileinstaller:1.3.0] AndroidManifest.xml:39:13-57
85            <intent-filter>
85-->[androidx.profileinstaller:profileinstaller:1.3.0] AndroidManifest.xml:40:13-42:29
86                <action android:name="androidx.profileinstaller.action.INSTALL_PROFILE" />
86-->[androidx.profileinstaller:profileinstaller:1.3.0] AndroidManifest.xml:41:17-91
86-->[androidx.profileinstaller:profileinstaller:1.3.0] AndroidManifest.xml:41:25-88
87            </intent-filter>
88            <intent-filter>
88-->[androidx.profileinstaller:profileinstaller:1.3.0] AndroidManifest.xml:43:13-45:29
89                <action android:name="androidx.profileinstaller.action.SKIP_FILE" />
89-->[androidx.profileinstaller:profileinstaller:1.3.0] AndroidManifest.xml:44:17-85
89-->[androidx.profileinstaller:profileinstaller:1.3.0] AndroidManifest.xml:44:25-82
90            </intent-filter>
91            <intent-filter>
91-->[androidx.profileinstaller:profileinstaller:1.3.0] AndroidManifest.xml:46:13-48:29
92                <action android:name="androidx.profileinstaller.action.SAVE_PROFILE" />
92-->[androidx.profileinstaller:profileinstaller:1.3.0] AndroidManifest.xml:47:17-88
92-->[androidx.profileinstaller:profileinstaller:1.3.0] AndroidManifest.xml:47:25-85
93            </intent-filter>
94            <intent-filter>
94-->[androidx.profileinstaller:profileinstaller:1.3.0] AndroidManifest.xml:49:13-51:29
95                <action android:name="androidx.profileinstaller.action.BENCHMARK_OPERATION" />
95-->[androidx.profileinstaller:profileinstaller:1.3.0] AndroidManifest.xml:50:17-95
95-->[androidx.profileinstaller:profileinstaller:1.3.0] AndroidManifest.xml:50:25-92
96            </intent-filter>
97        </receiver>
98    </application>
99
100</manifest>